10:03:07.555 [MainThread] INFO    thonny: Thonny version: 4.1.1
10:03:07.555 [MainThread] INFO    thonny: cwd: C:\Users\lukas.jalcak\Documents\Tutorials\100 Days of Code The Complete Python Pro Bootcamp for 2023\Downloads\thonny-4.1.1-windows-portable
10:03:07.556 [MainThread] INFO    thonny: original argv: []
10:03:07.556 [MainThread] INFO    thonny: sys.executable: C:\Users\lukas.jalcak\Documents\Tutorials\100 Days of Code The Complete Python Pro Bootcamp for 2023\Downloads\thonny-4.1.1-windows-portable\pythonw.exe
10:03:07.556 [MainThread] INFO    thonny: sys.argv: ['C:\\Users\\lukas.jalcak\\Documents\\Tutorials\\100 Days of Code The Complete Python Pro Bootcamp for 2023\\Downloads\\thonny-4.1.1-windows-portable\\thonny.exe']
10:03:07.557 [MainThread] INFO    thonny: sys.path: ['C:\\Users\\lukas.jalcak\\Documents\\Tutorials\\100 Days of Code The Complete Python Pro Bootcamp for 2023\\Downloads\\thonny-4.1.1-windows-portable\\python310.zip', 'C:\\Users\\lukas.jalcak\\Documents\\Tutorials\\100 Days of Code The Complete Python Pro Bootcamp for 2023\\Downloads\\thonny-4.1.1-windows-portable\\DLLs', 'C:\\Users\\lukas.jalcak\\Documents\\Tutorials\\100 Days of Code The Complete Python Pro Bootcamp for 2023\\Downloads\\thonny-4.1.1-windows-portable\\lib', 'C:\\Users\\lukas.jalcak\\Documents\\Tutorials\\100 Days of Code The Complete Python Pro Bootcamp for 2023\\Downloads\\thonny-4.1.1-windows-portable', 'C:\\Users\\lukas.jalcak\\Documents\\Tutorials\\100 Days of Code The Complete Python Pro Bootcamp for 2023\\Downloads\\thonny-4.1.1-windows-portable\\lib\\site-packages']
10:03:07.557 [MainThread] INFO    thonny: sys.flags: sys.flags(debug=0, inspect=0, interactive=0, optimize=0, dont_write_bytecode=0, no_user_site=1, no_site=0, ignore_environment=1, verbose=0, bytes_warning=0, quiet=0, hash_randomization=1, isolated=1, dev_mode=False, utf8_mode=0, warn_default_encoding=0, int_max_str_digits=-1)
10:03:17.499 [MainThread] INFO    thonny.workbench: Starting Workbench
10:03:17.608 [MainThread] INFO    thonny.workbench: Creating runner
10:03:17.637 [MainThread] INFO    thonny.workbench: Start loading plugins
10:03:18.817 [MainThread] INFO    thonny.workbench: Done loading plugins
10:03:18.819 [MainThread] WARNING thonny.workbench: Could not find UI theme 'clam', switching to default
10:03:18.919 [MainThread] INFO    thonny.workbench: Opening views
10:03:19.395 [MainThread] INFO    thonny.plugins.cpython_frontend.cp_front: Creating LocalCPythonProxy
10:03:19.396 [MainThread] INFO    thonny.running: Starting the backend: ['C:\\Users\\lukas.jalcak\\Documents\\Tutorials\\100 Days of Code The Complete Python Pro Bootcamp for 2023\\Downloads\\thonny-4.1.1-windows-portable\\python.exe', '-u', '-B', 'C:\\Users\\lukas.jalcak\\Documents\\Tutorials\\100 Days of Code The Complete Python Pro Bootcamp for 2023\\Downloads\\thonny-4.1.1-windows-portable\\lib\\site-packages\\thonny\\plugins\\cpython_backend\\cp_launcher.py', 'C:\\Users\\lukas.jalcak', "{'run.warn_module_shadowing': True}"] C:\Users\lukas.jalcak
10:03:31.451 [MainThread] INFO    thonny: TIME/MODS 23.951 Before Run (+191 modules)
10:03:31.451 [MainThread] INFO    thonny: NEW MODS ['_bisect', '_blake2', '_bz2', '_compression', '_ctypes', '_datetime', '_hashlib', '_heapq', '_lzma', '_queue', '_random', '_sha512', '_socket', '_ssl', '_struct', '_tkinter', '_uuid', 'base64', 'binascii', 'bisect', 'bz2', 'calendar', 'configparser', 'ctypes', 'ctypes._endian', 'ctypes.wintypes', 'datetime', 'email', 'email._encoded_words', 'email._parseaddr', 'email._policybase', 'email.base64mime', 'email.charset', 'email.encoders', 'email.errors', 'email.feedparser', 'email.header', 'email.iterators', 'email.message', 'email.parser', 'email.quoprimime', 'email.utils', 'encodings.ascii', 'errno', 'faulthandler', 'fnmatch', 'gettext', 'hashlib', 'heapq', 'http', 'http.client', 'locale', 'lzma', 'math', 'msvcrt', 'nturl2path', 'pathlib', 'pkgutil', 'platform', 'posixpath', 'queue', 'quopri', 'random', 'select', 'selectors', 'shlex', 'shutil', 'signal', 'socket', 'ssl', 'struct', 'subprocess', 'tempfile', 'textwrap', 'thonny.assistance', 'thonny.ast_utils', 'thonny.backend', 'thonny.base_file_browser', 'thonny.codeview', 'thonny.config', 'thonny.config_ui', 'thonny.editor_helpers', 'thonny.editors', 'thonny.first_run', 'thonny.languages', 'thonny.memory', 'thonny.misc_utils', 'thonny.plugins', 'thonny.plugins.about', 'thonny.plugins.assistant_config_page', 'thonny.plugins.ast_view', 'thonny.plugins.autocomplete', 'thonny.plugins.backend', 'thonny.plugins.backend_config_page', 'thonny.plugins.base_syntax_themes', 'thonny.plugins.base_ui_themes', 'thonny.plugins.birdseye_frontend', 'thonny.plugins.calltip', 'thonny.plugins.cells', 'thonny.plugins.circuitpython', 'thonny.plugins.circuitpython.cirpy_front', 'thonny.plugins.clean_ui_themes', 'thonny.plugins.coloring', 'thonny.plugins.commenting_indenting', 'thonny.plugins.common_editing_commands', 'thonny.plugins.cpython_backend', 'thonny.plugins.cpython_backend.cp_back', 'thonny.plugins.cpython_frontend', 'thonny.plugins.cpython_frontend.cp_front', 'thonny.plugins.cpython_ssh', 'thonny.plugins.cpython_ssh.cps_front', 'thonny.plugins.debugger', 'thonny.plugins.dock_user_windows_frontend', 'thonny.plugins.editor_config_page', 'thonny.plugins.esp', 'thonny.plugins.ev3', 'thonny.plugins.event_logging', 'thonny.plugins.event_view', 'thonny.plugins.files', 'thonny.plugins.find_replace', 'thonny.plugins.general_config_page', 'thonny.plugins.goto_definition', 'thonny.plugins.heap', 'thonny.plugins.help', 'thonny.plugins.highlight_names', 'thonny.plugins.locals_marker', 'thonny.plugins.microbit', 'thonny.plugins.micropython', 'thonny.plugins.micropython.base_flashing_dialog', 'thonny.plugins.micropython.esptool_dialog', 'thonny.plugins.micropython.mp_common', 'thonny.plugins.micropython.mp_front', 'thonny.plugins.micropython.uf2dialog', 'thonny.plugins.misc_analyzers', 'thonny.plugins.mypy', 'thonny.plugins.notes', 'thonny.plugins.object_inspector', 'thonny.plugins.outline', 'thonny.plugins.paren_matcher', 'thonny.plugins.pgzero_frontend', 'thonny.plugins.pi', 'thonny.plugins.pip_gui', 'thonny.plugins.prime_inventor', 'thonny.plugins.printing', 'thonny.plugins.pylint', 'thonny.plugins.pylint.messages', 'thonny.plugins.pythontutor', 'thonny.plugins.remove_old_data_dir', 'thonny.plugins.replayer', 'thonny.plugins.rp2040', 'thonny.plugins.rpi_pico', 'thonny.plugins.run_debug_config_page', 'thonny.plugins.shell_config_page', 'thonny.plugins.shell_macro', 'thonny.plugins.statement_boxes', 'thonny.plugins.stdlib_error_helpers', 'thonny.plugins.system_shell', 'thonny.plugins.terminal_config_page', 'thonny.plugins.theme_and_font_config_page', 'thonny.plugins.thonny_folders', 'thonny.plugins.todo_view', 'thonny.plugins.tomorrow_syntax_theme', 'thonny.plugins.variables', 'thonny.roughparse', 'thonny.rst_utils', 'thonny.running', 'thonny.shell', 'thonny.terminal', 'thonny.tktextext', 'thonny.token_utils', 'thonny.ui_utils', 'thonny.workbench', 'thonny.workdlg', 'tkinter', 'tkinter.commondialog', 'tkinter.constants', 'tkinter.dialog', 'tkinter.filedialog', 'tkinter.font', 'tkinter.messagebox', 'tkinter.simpledialog', 'tkinter.ttk', 'urllib', 'urllib.error', 'urllib.parse', 'urllib.request', 'urllib.response', 'uu', 'uuid', 'webbrowser', 'zlib']
10:03:31.454 [MainThread] INFO    thonny.running: Killing backend process
10:03:31.455 [MainThread] INFO    thonny.running: Starting the backend: ['C:\\Users\\lukas.jalcak\\Documents\\Tutorials\\100 Days of Code The Complete Python Pro Bootcamp for 2023\\Downloads\\thonny-4.1.1-windows-portable\\python.exe', '-u', '-B', 'C:\\Users\\lukas.jalcak\\Documents\\Tutorials\\100 Days of Code The Complete Python Pro Bootcamp for 2023\\Downloads\\thonny-4.1.1-windows-portable\\lib\\site-packages\\thonny\\plugins\\cpython_backend\\cp_launcher.py', 'C:\\Users\\lukas.jalcak', "{'run.warn_module_shadowing': True}"] C:\Users\lukas.jalcak
10:03:31.471 [Thread-2 (_listen_stdout)] INFO    thonny.running: Reader got EOF
10:03:31.536 [MainThread] INFO    thonny.running: Prepared clean state for executing ToplevelCommand(args=['-c'], args_str='-c $EDITOR_CONTENT', cmd_line='%Run -c $EDITOR_CONTENT', tty_mode=True, source='student_scores = input("Input a list of student scores ").split()\nfor n in range(0, len(student_scores)):\n  student_scores[n] = int(student_scores[n])\n\n\nhighest_score = 0\nfor score in student_scores:\n  if score > highest_score:\n    highest_score = score\nprint(f"The highest score in the class is: {highest_score}")', name='Run', argv=[], id='cmd_4', local_cwd='C:\\Users\\lukas.jalcak')
10:03:31.538 [MainThread] INFO    thonny: TIME/MODS 0.087 After Run 
10:03:34.267 [MainThread] INFO    thonny.running: Killing backend process
10:03:34.267 [MainThread] INFO    thonny.shell: BaseShellText._on_backend_terminated
10:03:34.269 [Thread-4 (_listen_stdout)] INFO    thonny.running: Reader got EOF
10:03:34.282 [MainThread] INFO    thonny.plugins.cpython_frontend.cp_front: Creating LocalCPythonProxy
10:03:34.283 [MainThread] INFO    thonny.running: Starting the backend: ['C:\\Users\\lukas.jalcak\\Documents\\Tutorials\\100 Days of Code The Complete Python Pro Bootcamp for 2023\\Downloads\\thonny-4.1.1-windows-portable\\python.exe', '-u', '-B', 'C:\\Users\\lukas.jalcak\\Documents\\Tutorials\\100 Days of Code The Complete Python Pro Bootcamp for 2023\\Downloads\\thonny-4.1.1-windows-portable\\lib\\site-packages\\thonny\\plugins\\cpython_backend\\cp_launcher.py', 'C:\\Users\\lukas.jalcak', "{'run.warn_module_shadowing': True}"] C:\Users\lukas.jalcak
10:03:34.355 [MainThread] INFO    thonny.shell: BaseShellText.restart(False)
10:03:53.403 [MainThread] INFO    thonny.ui_utils: Restoring focus to .
10:03:53.403 [MainThread] INFO    thonny.editors: Save dialog returned '' with typevariable ''
10:04:05.857 [MainThread] INFO    thonny.ui_utils: Restoring focus to .
10:04:07.877 [MainThread] INFO    thonny.running: Killing backend process
10:04:07.878 [MainThread] INFO    thonny.running: Starting the backend: ['C:\\Users\\lukas.jalcak\\Documents\\Tutorials\\100 Days of Code The Complete Python Pro Bootcamp for 2023\\Downloads\\thonny-4.1.1-windows-portable\\python.exe', '-u', '-B', 'C:\\Users\\lukas.jalcak\\Documents\\Tutorials\\100 Days of Code The Complete Python Pro Bootcamp for 2023\\Downloads\\thonny-4.1.1-windows-portable\\lib\\site-packages\\thonny\\plugins\\cpython_backend\\cp_launcher.py', 'C:\\Users\\lukas.jalcak\\Documents\\Tutorials\\100 Days of Code The Complete Python Pro Bootcamp for 2023\\Day5', "{'run.warn_module_shadowing': True}"] C:\Users\lukas.jalcak\Documents\Tutorials\100 Days of Code The Complete Python Pro Bootcamp for 2023\Day5
10:04:07.889 [Thread-6 (_listen_stdout)] INFO    thonny.running: Reader got EOF
10:04:07.955 [MainThread] INFO    thonny.running: Prepared clean state for executing ToplevelCommand(args=['2_high_score.py'], args_str='2_high_score.py', cmd_line='%Debug 2_high_score.py', tty_mode=True, source=None, name='Debug', argv=[], breakpoints={}, id='cmd_9', local_cwd='C:\\Users\\lukas.jalcak\\Documents\\Tutorials\\100 Days of Code The Complete Python Pro Bootcamp for 2023\\Day5')
10:04:23.285 [MainThread] INFO    thonny: TIME/MODS 51.747 Before Run (+1 modules)
10:04:23.285 [MainThread] INFO    thonny: NEW MODS ['thonny.plugins.cpython_frontend.cp_pip_gui']
10:04:24.287 [MainThread] INFO    thonny.running: Killing backend process
10:04:24.288 [MainThread] INFO    thonny.shell: BaseShellText._on_backend_terminated
10:04:24.290 [Thread-8 (_listen_stdout)] INFO    thonny.running: Reader got EOF
10:04:24.299 [MainThread] INFO    thonny.plugins.cpython_frontend.cp_front: Creating LocalCPythonProxy
10:04:24.300 [MainThread] INFO    thonny.running: Starting the backend: ['C:\\Users\\lukas.jalcak\\Documents\\Tutorials\\100 Days of Code The Complete Python Pro Bootcamp for 2023\\Downloads\\thonny-4.1.1-windows-portable\\python.exe', '-u', '-B', 'C:\\Users\\lukas.jalcak\\Documents\\Tutorials\\100 Days of Code The Complete Python Pro Bootcamp for 2023\\Downloads\\thonny-4.1.1-windows-portable\\lib\\site-packages\\thonny\\plugins\\cpython_backend\\cp_launcher.py', 'C:\\Users\\lukas.jalcak\\Documents\\Tutorials\\100 Days of Code The Complete Python Pro Bootcamp for 2023\\Day5', "{'run.warn_module_shadowing': True}"] C:\Users\lukas.jalcak\Documents\Tutorials\100 Days of Code The Complete Python Pro Bootcamp for 2023\Day5
10:04:24.374 [MainThread] INFO    thonny.shell: BaseShellText.restart(False)
10:04:24.471 [MainThread] INFO    thonny.running: Killing backend process
10:04:24.472 [MainThread] INFO    thonny.running: Starting the backend: ['C:\\Users\\lukas.jalcak\\Documents\\Tutorials\\100 Days of Code The Complete Python Pro Bootcamp for 2023\\Downloads\\thonny-4.1.1-windows-portable\\python.exe', '-u', '-B', 'C:\\Users\\lukas.jalcak\\Documents\\Tutorials\\100 Days of Code The Complete Python Pro Bootcamp for 2023\\Downloads\\thonny-4.1.1-windows-portable\\lib\\site-packages\\thonny\\plugins\\cpython_backend\\cp_launcher.py', 'C:\\Users\\lukas.jalcak\\Documents\\Tutorials\\100 Days of Code The Complete Python Pro Bootcamp for 2023\\Day5', "{'run.warn_module_shadowing': True}"] C:\Users\lukas.jalcak\Documents\Tutorials\100 Days of Code The Complete Python Pro Bootcamp for 2023\Day5
10:04:24.473 [Thread-10 (_listen_stdout)] INFO    thonny.running: Reader got EOF
10:04:24.547 [MainThread] INFO    thonny.running: Prepared clean state for executing ToplevelCommand(args=['2_high_score.py'], args_str='2_high_score.py', cmd_line='%Run 2_high_score.py', tty_mode=True, source=None, name='Run', argv=[], id='cmd_11', local_cwd='C:\\Users\\lukas.jalcak\\Documents\\Tutorials\\100 Days of Code The Complete Python Pro Bootcamp for 2023\\Day5')
10:04:24.548 [MainThread] INFO    thonny: TIME/MODS 1.263 After Run 
10:04:26.476 [MainThread] INFO    thonny.running: Killing backend process
10:04:26.477 [MainThread] INFO    thonny.shell: BaseShellText._on_backend_terminated
10:04:26.478 [Thread-12 (_listen_stdout)] INFO    thonny.running: Reader got EOF
10:04:26.485 [MainThread] INFO    thonny.plugins.cpython_frontend.cp_front: Creating LocalCPythonProxy
10:04:26.486 [MainThread] INFO    thonny.running: Starting the backend: ['C:\\Users\\lukas.jalcak\\Documents\\Tutorials\\100 Days of Code The Complete Python Pro Bootcamp for 2023\\Downloads\\thonny-4.1.1-windows-portable\\python.exe', '-u', '-B', 'C:\\Users\\lukas.jalcak\\Documents\\Tutorials\\100 Days of Code The Complete Python Pro Bootcamp for 2023\\Downloads\\thonny-4.1.1-windows-portable\\lib\\site-packages\\thonny\\plugins\\cpython_backend\\cp_launcher.py', 'C:\\Users\\lukas.jalcak\\Documents\\Tutorials\\100 Days of Code The Complete Python Pro Bootcamp for 2023\\Day5', "{'run.warn_module_shadowing': True}"] C:\Users\lukas.jalcak\Documents\Tutorials\100 Days of Code The Complete Python Pro Bootcamp for 2023\Day5
10:04:26.560 [MainThread] INFO    thonny.shell: BaseShellText.restart(False)
10:04:26.642 [MainThread] INFO    thonny.running: Killing backend process
10:04:26.643 [MainThread] INFO    thonny.running: Starting the backend: ['C:\\Users\\lukas.jalcak\\Documents\\Tutorials\\100 Days of Code The Complete Python Pro Bootcamp for 2023\\Downloads\\thonny-4.1.1-windows-portable\\python.exe', '-u', '-B', 'C:\\Users\\lukas.jalcak\\Documents\\Tutorials\\100 Days of Code The Complete Python Pro Bootcamp for 2023\\Downloads\\thonny-4.1.1-windows-portable\\lib\\site-packages\\thonny\\plugins\\cpython_backend\\cp_launcher.py', 'C:\\Users\\lukas.jalcak\\Documents\\Tutorials\\100 Days of Code The Complete Python Pro Bootcamp for 2023\\Day5', "{'run.warn_module_shadowing': True}"] C:\Users\lukas.jalcak\Documents\Tutorials\100 Days of Code The Complete Python Pro Bootcamp for 2023\Day5
10:04:26.644 [Thread-14 (_listen_stdout)] INFO    thonny.running: Reader got EOF
10:04:26.717 [MainThread] INFO    thonny.running: Prepared clean state for executing ToplevelCommand(args=['2_high_score.py'], args_str='2_high_score.py', cmd_line='%Debug 2_high_score.py', tty_mode=True, source=None, name='Debug', argv=[], breakpoints={}, id='cmd_12', local_cwd='C:\\Users\\lukas.jalcak\\Documents\\Tutorials\\100 Days of Code The Complete Python Pro Bootcamp for 2023\\Day5')
10:04:52.430 [MainThread] INFO    thonny.running: Killing backend process
10:04:52.432 [MainThread] INFO    thonny.shell: BaseShellText._on_backend_terminated
10:04:52.434 [Thread-16 (_listen_stdout)] INFO    thonny.running: Reader got EOF
10:04:52.450 [MainThread] INFO    thonny.plugins.cpython_frontend.cp_front: Creating LocalCPythonProxy
10:04:52.452 [MainThread] INFO    thonny.running: Starting the backend: ['C:\\Users\\lukas.jalcak\\Documents\\Tutorials\\100 Days of Code The Complete Python Pro Bootcamp for 2023\\Downloads\\thonny-4.1.1-windows-portable\\python.exe', '-u', '-B', 'C:\\Users\\lukas.jalcak\\Documents\\Tutorials\\100 Days of Code The Complete Python Pro Bootcamp for 2023\\Downloads\\thonny-4.1.1-windows-portable\\lib\\site-packages\\thonny\\plugins\\cpython_backend\\cp_launcher.py', 'C:\\Users\\lukas.jalcak\\Documents\\Tutorials\\100 Days of Code The Complete Python Pro Bootcamp for 2023\\Day5', "{'run.warn_module_shadowing': True}"] C:\Users\lukas.jalcak\Documents\Tutorials\100 Days of Code The Complete Python Pro Bootcamp for 2023\Day5
10:04:52.527 [MainThread] INFO    thonny.shell: BaseShellText.restart(False)
10:04:56.760 [MainThread] INFO    thonny.running: Killing backend process
10:04:56.762 [MainThread] INFO    thonny.running: Starting the backend: ['C:\\Users\\lukas.jalcak\\Documents\\Tutorials\\100 Days of Code The Complete Python Pro Bootcamp for 2023\\Downloads\\thonny-4.1.1-windows-portable\\python.exe', '-u', '-B', 'C:\\Users\\lukas.jalcak\\Documents\\Tutorials\\100 Days of Code The Complete Python Pro Bootcamp for 2023\\Downloads\\thonny-4.1.1-windows-portable\\lib\\site-packages\\thonny\\plugins\\cpython_backend\\cp_launcher.py', 'C:\\Users\\lukas.jalcak\\Documents\\Tutorials\\100 Days of Code The Complete Python Pro Bootcamp for 2023\\Day5', "{'run.warn_module_shadowing': True}"] C:\Users\lukas.jalcak\Documents\Tutorials\100 Days of Code The Complete Python Pro Bootcamp for 2023\Day5
10:04:56.781 [Thread-18 (_listen_stdout)] INFO    thonny.running: Reader got EOF
10:04:56.840 [MainThread] INFO    thonny.running: Prepared clean state for executing ToplevelCommand(args=['2_high_score.py'], args_str='2_high_score.py', cmd_line='%Debug 2_high_score.py', tty_mode=True, source=None, name='Debug', argv=[], breakpoints={}, id='cmd_22', local_cwd='C:\\Users\\lukas.jalcak\\Documents\\Tutorials\\100 Days of Code The Complete Python Pro Bootcamp for 2023\\Day5')
10:05:21.245 [MainThread] INFO    thonny.running: Killing backend process
10:05:21.246 [MainThread] INFO    thonny.shell: BaseShellText._on_backend_terminated
10:05:21.249 [Thread-20 (_listen_stdout)] INFO    thonny.running: Reader got EOF
10:05:21.257 [MainThread] INFO    thonny.plugins.cpython_frontend.cp_front: Creating LocalCPythonProxy
10:05:21.259 [MainThread] INFO    thonny.running: Starting the backend: ['C:\\Users\\lukas.jalcak\\Documents\\Tutorials\\100 Days of Code The Complete Python Pro Bootcamp for 2023\\Downloads\\thonny-4.1.1-windows-portable\\python.exe', '-u', '-B', 'C:\\Users\\lukas.jalcak\\Documents\\Tutorials\\100 Days of Code The Complete Python Pro Bootcamp for 2023\\Downloads\\thonny-4.1.1-windows-portable\\lib\\site-packages\\thonny\\plugins\\cpython_backend\\cp_launcher.py', 'C:\\Users\\lukas.jalcak\\Documents\\Tutorials\\100 Days of Code The Complete Python Pro Bootcamp for 2023\\Day5', "{'run.warn_module_shadowing': True}"] C:\Users\lukas.jalcak\Documents\Tutorials\100 Days of Code The Complete Python Pro Bootcamp for 2023\Day5
10:05:21.327 [MainThread] INFO    thonny.shell: BaseShellText.restart(False)
10:05:23.187 [MainThread] INFO    thonny.running: Killing backend process
10:05:23.188 [MainThread] INFO    thonny.shell: BaseShellText._on_backend_terminated
10:05:23.191 [Thread-22 (_listen_stdout)] INFO    thonny.running: Reader got EOF
10:05:23.206 [MainThread] INFO    thonny.plugins.cpython_frontend.cp_front: Creating LocalCPythonProxy
10:05:23.208 [MainThread] INFO    thonny.running: Starting the backend: ['C:\\Users\\lukas.jalcak\\Documents\\Tutorials\\100 Days of Code The Complete Python Pro Bootcamp for 2023\\Downloads\\thonny-4.1.1-windows-portable\\python.exe', '-u', '-B', 'C:\\Users\\lukas.jalcak\\Documents\\Tutorials\\100 Days of Code The Complete Python Pro Bootcamp for 2023\\Downloads\\thonny-4.1.1-windows-portable\\lib\\site-packages\\thonny\\plugins\\cpython_backend\\cp_launcher.py', 'C:\\Users\\lukas.jalcak\\Documents\\Tutorials\\100 Days of Code The Complete Python Pro Bootcamp for 2023\\Day5', "{'run.warn_module_shadowing': True}"] C:\Users\lukas.jalcak\Documents\Tutorials\100 Days of Code The Complete Python Pro Bootcamp for 2023\Day5
10:05:23.275 [MainThread] INFO    thonny.shell: BaseShellText.restart(False)
10:05:27.636 [MainThread] INFO    thonny.running: Killing backend process
10:05:27.637 [MainThread] INFO    thonny.running: Starting the backend: ['C:\\Users\\lukas.jalcak\\Documents\\Tutorials\\100 Days of Code The Complete Python Pro Bootcamp for 2023\\Downloads\\thonny-4.1.1-windows-portable\\python.exe', '-u', '-B', 'C:\\Users\\lukas.jalcak\\Documents\\Tutorials\\100 Days of Code The Complete Python Pro Bootcamp for 2023\\Downloads\\thonny-4.1.1-windows-portable\\lib\\site-packages\\thonny\\plugins\\cpython_backend\\cp_launcher.py', 'C:\\Users\\lukas.jalcak\\Documents\\Tutorials\\100 Days of Code The Complete Python Pro Bootcamp for 2023\\Day5', "{'run.warn_module_shadowing': True}"] C:\Users\lukas.jalcak\Documents\Tutorials\100 Days of Code The Complete Python Pro Bootcamp for 2023\Day5
10:05:27.638 [Thread-24 (_listen_stdout)] INFO    thonny.running: Reader got EOF
10:05:27.709 [MainThread] INFO    thonny.running: Prepared clean state for executing ToplevelCommand(args=['2_high_score.py'], args_str='2_high_score.py', cmd_line='%Debug 2_high_score.py', tty_mode=True, source=None, name='Debug', argv=[], breakpoints={}, id='cmd_24', local_cwd='C:\\Users\\lukas.jalcak\\Documents\\Tutorials\\100 Days of Code The Complete Python Pro Bootcamp for 2023\\Day5')
10:08:20.335 [MainThread] INFO    thonny.running: Killing backend process
10:08:20.336 [MainThread] INFO    thonny.running: Starting the backend: ['C:\\Users\\lukas.jalcak\\Documents\\Tutorials\\100 Days of Code The Complete Python Pro Bootcamp for 2023\\Downloads\\thonny-4.1.1-windows-portable\\python.exe', '-u', '-B', 'C:\\Users\\lukas.jalcak\\Documents\\Tutorials\\100 Days of Code The Complete Python Pro Bootcamp for 2023\\Downloads\\thonny-4.1.1-windows-portable\\lib\\site-packages\\thonny\\plugins\\cpython_backend\\cp_launcher.py', 'C:\\Users\\lukas.jalcak\\Documents\\Tutorials\\100 Days of Code The Complete Python Pro Bootcamp for 2023\\Day5', "{'run.warn_module_shadowing': True}"] C:\Users\lukas.jalcak\Documents\Tutorials\100 Days of Code The Complete Python Pro Bootcamp for 2023\Day5
10:08:20.352 [Thread-26 (_listen_stdout)] INFO    thonny.running: Reader got EOF
10:08:20.414 [MainThread] INFO    thonny.running: Prepared clean state for executing ToplevelCommand(args=['2_high_score.py'], args_str='2_high_score.py', cmd_line='%Debug 2_high_score.py', tty_mode=True, source=None, name='Debug', argv=[], breakpoints={}, id='cmd_101', local_cwd='C:\\Users\\lukas.jalcak\\Documents\\Tutorials\\100 Days of Code The Complete Python Pro Bootcamp for 2023\\Day5')
10:13:10.522 [MainThread] INFO    thonny.ui_utils: Restoring focus to .
10:13:17.554 [MainThread] INFO    thonny.running: Killing backend process
10:13:17.555 [MainThread] INFO    thonny.shell: BaseShellText._on_backend_terminated
10:13:17.573 [MainThread] INFO    thonny.plugins.cpython_frontend.cp_front: Creating LocalCPythonProxy
10:13:17.573 [Thread-32 (_listen_stdout)] INFO    thonny.running: Reader got EOF
10:13:17.575 [MainThread] INFO    thonny.running: Starting the backend: ['C:\\Users\\lukas.jalcak\\Documents\\Tutorials\\100 Days of Code The Complete Python Pro Bootcamp for 2023\\Downloads\\thonny-4.1.1-windows-portable\\python.exe', '-u', '-B', 'C:\\Users\\lukas.jalcak\\Documents\\Tutorials\\100 Days of Code The Complete Python Pro Bootcamp for 2023\\Downloads\\thonny-4.1.1-windows-portable\\lib\\site-packages\\thonny\\plugins\\cpython_backend\\cp_launcher.py', 'C:\\Users\\lukas.jalcak\\Documents\\Tutorials\\100 Days of Code The Complete Python Pro Bootcamp for 2023\\Day5', "{'run.warn_module_shadowing': True}"] C:\Users\lukas.jalcak\Documents\Tutorials\100 Days of Code The Complete Python Pro Bootcamp for 2023\Day5
10:13:17.650 [MainThread] INFO    thonny.shell: BaseShellText.restart(False)
10:13:18.640 [MainThread] INFO    thonny.running: Killing backend process
10:13:18.641 [MainThread] INFO    thonny.running: Starting the backend: ['C:\\Users\\lukas.jalcak\\Documents\\Tutorials\\100 Days of Code The Complete Python Pro Bootcamp for 2023\\Downloads\\thonny-4.1.1-windows-portable\\python.exe', '-u', '-B', 'C:\\Users\\lukas.jalcak\\Documents\\Tutorials\\100 Days of Code The Complete Python Pro Bootcamp for 2023\\Downloads\\thonny-4.1.1-windows-portable\\lib\\site-packages\\thonny\\plugins\\cpython_backend\\cp_launcher.py', 'C:\\Users\\lukas.jalcak\\Documents\\Tutorials\\100 Days of Code The Complete Python Pro Bootcamp for 2023\\Day5', "{'run.warn_module_shadowing': True}"] C:\Users\lukas.jalcak\Documents\Tutorials\100 Days of Code The Complete Python Pro Bootcamp for 2023\Day5
10:13:18.642 [Thread-34 (_listen_stdout)] INFO    thonny.running: Reader got EOF
10:13:18.713 [MainThread] INFO    thonny.running: Prepared clean state for executing ToplevelCommand(args=['1_average_height.py'], args_str='1_average_height.py', cmd_line='%Debug 1_average_height.py', tty_mode=True, source=None, name='Debug', argv=[], breakpoints={}, id='cmd_232', local_cwd='C:\\Users\\lukas.jalcak\\Documents\\Tutorials\\100 Days of Code The Complete Python Pro Bootcamp for 2023\\Day5')
10:40:18.171 [MainThread] INFO    thonny.running: Killing backend process
10:40:18.172 [MainThread] INFO    thonny.running: Starting the backend: ['C:\\Users\\lukas.jalcak\\Documents\\Tutorials\\100 Days of Code The Complete Python Pro Bootcamp for 2023\\Downloads\\thonny-4.1.1-windows-portable\\python.exe', '-u', '-B', 'C:\\Users\\lukas.jalcak\\Documents\\Tutorials\\100 Days of Code The Complete Python Pro Bootcamp for 2023\\Downloads\\thonny-4.1.1-windows-portable\\lib\\site-packages\\thonny\\plugins\\cpython_backend\\cp_launcher.py', 'C:\\Users\\lukas.jalcak\\Documents\\Tutorials\\100 Days of Code The Complete Python Pro Bootcamp for 2023\\Day5', "{'run.warn_module_shadowing': True}"] C:\Users\lukas.jalcak\Documents\Tutorials\100 Days of Code The Complete Python Pro Bootcamp for 2023\Day5
10:40:18.173 [Thread-36 (_listen_stdout)] INFO    thonny.running: Reader got EOF
10:40:18.252 [MainThread] INFO    thonny.running: Prepared clean state for executing ToplevelCommand(args=['1_average_height.py'], args_str='1_average_height.py', cmd_line='%Debug 1_average_height.py', tty_mode=True, source=None, name='Debug', argv=[], breakpoints={}, id='cmd_404', local_cwd='C:\\Users\\lukas.jalcak\\Documents\\Tutorials\\100 Days of Code The Complete Python Pro Bootcamp for 2023\\Day5')
10:40:55.986 [MainThread] INFO    thonny.running: Killing backend process
10:40:55.987 [MainThread] INFO    thonny.running: Starting the backend: ['C:\\Users\\lukas.jalcak\\Documents\\Tutorials\\100 Days of Code The Complete Python Pro Bootcamp for 2023\\Downloads\\thonny-4.1.1-windows-portable\\python.exe', '-u', '-B', 'C:\\Users\\lukas.jalcak\\Documents\\Tutorials\\100 Days of Code The Complete Python Pro Bootcamp for 2023\\Downloads\\thonny-4.1.1-windows-portable\\lib\\site-packages\\thonny\\plugins\\cpython_backend\\cp_launcher.py', 'C:\\Users\\lukas.jalcak\\Documents\\Tutorials\\100 Days of Code The Complete Python Pro Bootcamp for 2023\\Day5', "{'run.warn_module_shadowing': True}"] C:\Users\lukas.jalcak\Documents\Tutorials\100 Days of Code The Complete Python Pro Bootcamp for 2023\Day5
10:40:55.989 [Thread-42 (_listen_stdout)] INFO    thonny.running: Reader got EOF
10:40:56.066 [MainThread] INFO    thonny.running: Prepared clean state for executing ToplevelCommand(args=['1_average_height.py'], args_str='1_average_height.py', cmd_line='%Debug 1_average_height.py', tty_mode=True, source=None, name='Debug', argv=[], breakpoints={}, id='cmd_459', local_cwd='C:\\Users\\lukas.jalcak\\Documents\\Tutorials\\100 Days of Code The Complete Python Pro Bootcamp for 2023\\Day5')
10:42:29.464 [MainThread] INFO    thonny.running: Killing backend process
10:42:29.465 [MainThread] INFO    thonny.running: Starting the backend: ['C:\\Users\\lukas.jalcak\\Documents\\Tutorials\\100 Days of Code The Complete Python Pro Bootcamp for 2023\\Downloads\\thonny-4.1.1-windows-portable\\python.exe', '-u', '-B', 'C:\\Users\\lukas.jalcak\\Documents\\Tutorials\\100 Days of Code The Complete Python Pro Bootcamp for 2023\\Downloads\\thonny-4.1.1-windows-portable\\lib\\site-packages\\thonny\\plugins\\cpython_backend\\cp_launcher.py', 'C:\\Users\\lukas.jalcak\\Documents\\Tutorials\\100 Days of Code The Complete Python Pro Bootcamp for 2023\\Day5', "{'run.warn_module_shadowing': True}"] C:\Users\lukas.jalcak\Documents\Tutorials\100 Days of Code The Complete Python Pro Bootcamp for 2023\Day5
10:42:29.481 [Thread-48 (_listen_stdout)] INFO    thonny.running: Reader got EOF
10:42:29.547 [MainThread] INFO    thonny.running: Prepared clean state for executing ToplevelCommand(args=['1_average_height.py'], args_str='1_average_height.py', cmd_line='%Debug 1_average_height.py', tty_mode=True, source=None, name='Debug', argv=[], breakpoints={}, id='cmd_555', local_cwd='C:\\Users\\lukas.jalcak\\Documents\\Tutorials\\100 Days of Code The Complete Python Pro Bootcamp for 2023\\Day5')
10:45:49.871 [MainThread] INFO    thonny.running: Killing backend process
10:45:49.872 [MainThread] INFO    thonny.running: Starting the backend: ['C:\\Users\\lukas.jalcak\\Documents\\Tutorials\\100 Days of Code The Complete Python Pro Bootcamp for 2023\\Downloads\\thonny-4.1.1-windows-portable\\python.exe', '-u', '-B', 'C:\\Users\\lukas.jalcak\\Documents\\Tutorials\\100 Days of Code The Complete Python Pro Bootcamp for 2023\\Downloads\\thonny-4.1.1-windows-portable\\lib\\site-packages\\thonny\\plugins\\cpython_backend\\cp_launcher.py', 'C:\\Users\\lukas.jalcak\\Documents\\Tutorials\\100 Days of Code The Complete Python Pro Bootcamp for 2023\\Day5', "{'run.warn_module_shadowing': True}"] C:\Users\lukas.jalcak\Documents\Tutorials\100 Days of Code The Complete Python Pro Bootcamp for 2023\Day5
10:45:49.885 [Thread-54 (_listen_stdout)] INFO    thonny.running: Reader got EOF
10:45:49.952 [MainThread] INFO    thonny.running: Prepared clean state for executing ToplevelCommand(args=['1_average_height.py'], args_str='1_average_height.py', cmd_line='%Debug 1_average_height.py', tty_mode=True, source=None, name='Debug', argv=[], breakpoints={}, id='cmd_654', local_cwd='C:\\Users\\lukas.jalcak\\Documents\\Tutorials\\100 Days of Code The Complete Python Pro Bootcamp for 2023\\Day5')
11:04:58.856 [MainThread] INFO    thonny.running: Killing backend process
11:04:58.857 [MainThread] INFO    thonny.shell: BaseShellText._on_backend_terminated
11:04:58.874 [MainThread] INFO    thonny.plugins.cpython_frontend.cp_front: Creating LocalCPythonProxy
11:04:58.876 [MainThread] INFO    thonny.running: Starting the backend: ['C:\\Users\\lukas.jalcak\\Documents\\Tutorials\\100 Days of Code The Complete Python Pro Bootcamp for 2023\\Downloads\\thonny-4.1.1-windows-portable\\python.exe', '-u', '-B', 'C:\\Users\\lukas.jalcak\\Documents\\Tutorials\\100 Days of Code The Complete Python Pro Bootcamp for 2023\\Downloads\\thonny-4.1.1-windows-portable\\lib\\site-packages\\thonny\\plugins\\cpython_backend\\cp_launcher.py', 'C:\\Users\\lukas.jalcak\\Documents\\Tutorials\\100 Days of Code The Complete Python Pro Bootcamp for 2023\\Day5', "{'run.warn_module_shadowing': True}"] C:\Users\lukas.jalcak\Documents\Tutorials\100 Days of Code The Complete Python Pro Bootcamp for 2023\Day5
11:04:58.879 [Thread-60 (_listen_stdout)] INFO    thonny.running: Reader got EOF
11:04:58.957 [MainThread] INFO    thonny.shell: BaseShellText.restart(False)
11:05:08.881 [MainThread] INFO    thonny.running: Killing backend process
11:05:08.883 [MainThread] INFO    thonny.running: Starting the backend: ['C:\\Users\\lukas.jalcak\\Documents\\Tutorials\\100 Days of Code The Complete Python Pro Bootcamp for 2023\\Downloads\\thonny-4.1.1-windows-portable\\python.exe', '-u', '-B', 'C:\\Users\\lukas.jalcak\\Documents\\Tutorials\\100 Days of Code The Complete Python Pro Bootcamp for 2023\\Downloads\\thonny-4.1.1-windows-portable\\lib\\site-packages\\thonny\\plugins\\cpython_backend\\cp_launcher.py', 'C:\\Users\\lukas.jalcak\\Documents\\Tutorials\\100 Days of Code The Complete Python Pro Bootcamp for 2023\\Day5', "{'run.warn_module_shadowing': True}"] C:\Users\lukas.jalcak\Documents\Tutorials\100 Days of Code The Complete Python Pro Bootcamp for 2023\Day5
11:05:08.895 [Thread-62 (_listen_stdout)] INFO    thonny.running: Reader got EOF
11:05:08.960 [MainThread] INFO    thonny.running: Prepared clean state for executing ToplevelCommand(args=['1_average_height.py'], args_str='1_average_height.py', cmd_line='%Debug 1_average_height.py', tty_mode=True, source=None, name='Debug', argv=[], breakpoints={}, id='cmd_832', local_cwd='C:\\Users\\lukas.jalcak\\Documents\\Tutorials\\100 Days of Code The Complete Python Pro Bootcamp for 2023\\Day5')
11:05:52.816 [MainThread] INFO    thonny: TIME/MODS 3688.267 Before Run (+158 modules)
11:05:52.816 [MainThread] INFO    thonny: NEW MODS ['__future__', 'astroid', 'astroid.__pkginfo__', 'astroid._ast', 'astroid._cache', 'astroid.arguments', 'astroid.astroid_manager', 'astroid.bases', 'astroid.brain', 'astroid.brain.__init__', 'astroid.brain.brain_argparse', 'astroid.brain.brain_attrs', 'astroid.brain.brain_boto3', 'astroid.brain.brain_builtin_inference', 'astroid.brain.brain_collections', 'astroid.brain.brain_crypt', 'astroid.brain.brain_ctypes', 'astroid.brain.brain_curses', 'astroid.brain.brain_dataclasses', 'astroid.brain.brain_dateutil', 'astroid.brain.brain_fstrings', 'astroid.brain.brain_functools', 'astroid.brain.brain_gi', 'astroid.brain.brain_hashlib', 'astroid.brain.brain_http', 'astroid.brain.brain_hypothesis', 'astroid.brain.brain_io', 'astroid.brain.brain_mechanize', 'astroid.brain.brain_multiprocessing', 'astroid.brain.brain_namedtuple_enum', 'astroid.brain.brain_nose', 'astroid.brain.brain_numpy_core_einsumfunc', 'astroid.brain.brain_numpy_core_fromnumeric', 'astroid.brain.brain_numpy_core_function_base', 'astroid.brain.brain_numpy_core_multiarray', 'astroid.brain.brain_numpy_core_numeric', 'astroid.brain.brain_numpy_core_numerictypes', 'astroid.brain.brain_numpy_core_umath', 'astroid.brain.brain_numpy_ma', 'astroid.brain.brain_numpy_ndarray', 'astroid.brain.brain_numpy_random_mtrand', 'astroid.brain.brain_numpy_utils', 'astroid.brain.brain_pathlib', 'astroid.brain.brain_pkg_resources', 'astroid.brain.brain_pytest', 'astroid.brain.brain_qt', 'astroid.brain.brain_random', 'astroid.brain.brain_re', 'astroid.brain.brain_regex', 'astroid.brain.brain_responses', 'astroid.brain.brain_scipy_signal', 'astroid.brain.brain_signal', 'astroid.brain.brain_six', 'astroid.brain.brain_sqlalchemy', 'astroid.brain.brain_ssl', 'astroid.brain.brain_subprocess', 'astroid.brain.brain_threading', 'astroid.brain.brain_type', 'astroid.brain.brain_typing', 'astroid.brain.brain_unittest', 'astroid.brain.brain_uuid', 'astroid.brain.helpers', 'astroid.builder', 'astroid.const', 'astroid.constraint', 'astroid.context', 'astroid.decorators', 'astroid.exceptions', 'astroid.filter_statements', 'astroid.helpers', 'astroid.inference', 'astroid.inference_tip', 'astroid.interpreter', 'astroid.interpreter._import', 'astroid.interpreter._import.spec', 'astroid.interpreter._import.util', 'astroid.interpreter.dunder_lookup', 'astroid.interpreter.objectmodel', 'astroid.manager', 'astroid.modutils', 'astroid.nodes', 'astroid.nodes._base_nodes', 'astroid.nodes.as_string', 'astroid.nodes.const', 'astroid.nodes.node_classes', 'astroid.nodes.node_ng', 'astroid.nodes.scoped_nodes', 'astroid.nodes.scoped_nodes.mixin', 'astroid.nodes.scoped_nodes.scoped_nodes', 'astroid.nodes.scoped_nodes.utils', 'astroid.nodes.utils', 'astroid.objects', 'astroid.protocols', 'astroid.raw_building', 'astroid.rebuilder', 'astroid.transforms', 'astroid.typing', 'astroid.util', 'asttokens', 'asttokens.astroid_compat', 'asttokens.asttokens', 'asttokens.line_numbers', 'asttokens.mark_tokens', 'asttokens.util', 'docutils', 'docutils.core', 'docutils.frontend', 'docutils.io', 'docutils.languages', 'docutils.languages.en', 'docutils.nodes', 'docutils.parsers', 'docutils.parsers.rst', 'docutils.parsers.rst.directives', 'docutils.parsers.rst.directives.body', 'docutils.parsers.rst.directives.misc', 'docutils.parsers.rst.languages', 'docutils.parsers.rst.languages.en', 'docutils.parsers.rst.roles', 'docutils.parsers.rst.states', 'docutils.parsers.rst.tableparser', 'docutils.readers', 'docutils.readers.doctree', 'docutils.readers.standalone', 'docutils.statemachine', 'docutils.transforms', 'docutils.transforms.frontmatter', 'docutils.transforms.misc', 'docutils.transforms.references', 'docutils.transforms.universal', 'docutils.utils', 'docutils.utils.code_analyzer', 'docutils.utils.punctuation_chars', 'docutils.utils.roman', 'docutils.utils.smartquotes', 'docutils.utils.urischemes', 'docutils.writers', 'docutils.writers.null', 'lazy_object_proxy', 'lazy_object_proxy._version', 'lazy_object_proxy.cext', 'lazy_object_proxy.utils', 'mypy', 'mypy.version', 'numbers', 'optparse', 'pprint', 'six', 'six.moves', 'sysconfig', 'typing_extensions', 'unicodedata', 'wrapt', 'wrapt._wrappers', 'wrapt.arguments', 'wrapt.decorators', 'wrapt.importer', 'wrapt.wrappers']
11:05:53.828 [MainThread] INFO    thonny.running: Killing backend process
11:05:53.828 [MainThread] INFO    thonny.shell: BaseShellText._on_backend_terminated
11:05:53.831 [Thread-64 (_listen_stdout)] INFO    thonny.running: Reader got EOF
11:05:53.843 [MainThread] INFO    thonny.plugins.cpython_frontend.cp_front: Creating LocalCPythonProxy
11:05:53.845 [MainThread] INFO    thonny.running: Starting the backend: ['C:\\Users\\lukas.jalcak\\Documents\\Tutorials\\100 Days of Code The Complete Python Pro Bootcamp for 2023\\Downloads\\thonny-4.1.1-windows-portable\\python.exe', '-u', '-B', 'C:\\Users\\lukas.jalcak\\Documents\\Tutorials\\100 Days of Code The Complete Python Pro Bootcamp for 2023\\Downloads\\thonny-4.1.1-windows-portable\\lib\\site-packages\\thonny\\plugins\\cpython_backend\\cp_launcher.py', 'C:\\Users\\lukas.jalcak\\Documents\\Tutorials\\100 Days of Code The Complete Python Pro Bootcamp for 2023\\Day5', "{'run.warn_module_shadowing': True}"] C:\Users\lukas.jalcak\Documents\Tutorials\100 Days of Code The Complete Python Pro Bootcamp for 2023\Day5
11:05:53.923 [MainThread] INFO    thonny.shell: BaseShellText.restart(False)
11:05:54.022 [MainThread] INFO    thonny.running: Killing backend process
11:05:54.023 [MainThread] INFO    thonny.running: Starting the backend: ['C:\\Users\\lukas.jalcak\\Documents\\Tutorials\\100 Days of Code The Complete Python Pro Bootcamp for 2023\\Downloads\\thonny-4.1.1-windows-portable\\python.exe', '-u', '-B', 'C:\\Users\\lukas.jalcak\\Documents\\Tutorials\\100 Days of Code The Complete Python Pro Bootcamp for 2023\\Downloads\\thonny-4.1.1-windows-portable\\lib\\site-packages\\thonny\\plugins\\cpython_backend\\cp_launcher.py', 'C:\\Users\\lukas.jalcak\\Documents\\Tutorials\\100 Days of Code The Complete Python Pro Bootcamp for 2023\\Day5', "{'run.warn_module_shadowing': True}"] C:\Users\lukas.jalcak\Documents\Tutorials\100 Days of Code The Complete Python Pro Bootcamp for 2023\Day5
11:05:54.025 [Thread-66 (_listen_stdout)] INFO    thonny.running: Reader got EOF
11:05:54.096 [MainThread] INFO    thonny.running: Prepared clean state for executing ToplevelCommand(args=['1_average_height.py'], args_str='1_average_height.py', cmd_line='%Run 1_average_height.py', tty_mode=True, source=None, name='Run', argv=[], id='cmd_926', local_cwd='C:\\Users\\lukas.jalcak\\Documents\\Tutorials\\100 Days of Code The Complete Python Pro Bootcamp for 2023\\Day5')
11:05:54.097 [MainThread] INFO    thonny: TIME/MODS 1.282 After Run 
14:09:40.955 [MainThread] INFO    thonny.running: Killing backend process
14:09:40.957 [MainThread] INFO    thonny.running: Starting the backend: ['C:\\Users\\lukas.jalcak\\Documents\\Tutorials\\100 Days of Code The Complete Python Pro Bootcamp for 2023\\Downloads\\thonny-4.1.1-windows-portable\\python.exe', '-u', '-B', 'C:\\Users\\lukas.jalcak\\Documents\\Tutorials\\100 Days of Code The Complete Python Pro Bootcamp for 2023\\Downloads\\thonny-4.1.1-windows-portable\\lib\\site-packages\\thonny\\plugins\\cpython_backend\\cp_launcher.py', 'C:\\Users\\lukas.jalcak\\Documents\\Tutorials\\100 Days of Code The Complete Python Pro Bootcamp for 2023\\Day5', "{'run.warn_module_shadowing': True}"] C:\Users\lukas.jalcak\Documents\Tutorials\100 Days of Code The Complete Python Pro Bootcamp for 2023\Day5
14:09:40.970 [Thread-68 (_listen_stdout)] INFO    thonny.running: Reader got EOF
14:09:41.037 [MainThread] INFO    thonny.running: Prepared clean state for executing ToplevelCommand(args=['1_average_height.py'], args_str='1_average_height.py', cmd_line='%Debug 1_average_height.py', tty_mode=True, source=None, name='Debug', argv=[], breakpoints={}, id='cmd_929', local_cwd='C:\\Users\\lukas.jalcak\\Documents\\Tutorials\\100 Days of Code The Complete Python Pro Bootcamp for 2023\\Day5')
14:13:55.879 [MainThread] INFO    thonny.running: Killing backend process
14:13:55.881 [MainThread] INFO    thonny.shell: BaseShellText._on_backend_terminated
14:13:55.898 [MainThread] INFO    thonny.plugins.cpython_frontend.cp_front: Creating LocalCPythonProxy
14:13:55.900 [MainThread] INFO    thonny.running: Starting the backend: ['C:\\Users\\lukas.jalcak\\Documents\\Tutorials\\100 Days of Code The Complete Python Pro Bootcamp for 2023\\Downloads\\thonny-4.1.1-windows-portable\\python.exe', '-u', '-B', 'C:\\Users\\lukas.jalcak\\Documents\\Tutorials\\100 Days of Code The Complete Python Pro Bootcamp for 2023\\Downloads\\thonny-4.1.1-windows-portable\\lib\\site-packages\\thonny\\plugins\\cpython_backend\\cp_launcher.py', 'C:\\Users\\lukas.jalcak\\Documents\\Tutorials\\100 Days of Code The Complete Python Pro Bootcamp for 2023\\Day5', "{'run.warn_module_shadowing': True}"] C:\Users\lukas.jalcak\Documents\Tutorials\100 Days of Code The Complete Python Pro Bootcamp for 2023\Day5
14:13:55.905 [Thread-74 (_listen_stdout)] INFO    thonny.running: Reader got EOF
14:13:55.980 [MainThread] INFO    thonny.shell: BaseShellText.restart(False)
14:04:59.163 [MainThread] INFO    thonny.running: Killing backend process
14:04:59.166 [MainThread] INFO    thonny.shell: BaseShellText._on_backend_terminated
14:04:59.305 [Thread-76 (_listen_stdout)] INFO    thonny.running: Reader got EOF
